[debug] [2024-06-04T13:56:48.504Z] ----------------------------------------------------------------------
[debug] [2024-06-04T13:56:48.506Z] Command:       C:\Program Files\nodejs\node.exe C:\Users\Admin\Desktop\final-project\node_modules\firebase-tools\lib\bin\firebase.js init
[debug] [2024-06-04T13:56:48.506Z] CLI Version:   13.10.2
[debug] [2024-06-04T13:56:48.507Z] Platform:      win32
[debug] [2024-06-04T13:56:48.507Z] Node Version:  v21.6.0
[debug] [2024-06-04T13:56:48.507Z] Time:          Tue Jun 04 2024 20:56:48 GMT+0700 (Giờ Đông Dương)
[debug] [2024-06-04T13:56:48.507Z] ----------------------------------------------------------------------
[debug] 
[debug] [2024-06-04T13:56:48.514Z] > command requires scopes: ["email","openid","https://www.googleapis.com/auth/cloudplatformprojects.readonly","https://www.googleapis.com/auth/firebase","https://www.googleapis.com/auth/cloud-platform"]
[debug] [2024-06-04T13:56:48.515Z] > authorizing via signed-in user (vyanhtran172@gmail.com)
[info] 
     ######## #### ########  ######## ########     ###     ######  ########
     ##        ##  ##     ## ##       ##     ##  ##   ##  ##       ##
     ######    ##  ########  ######   ########  #########  ######  ######
     ##        ##  ##    ##  ##       ##     ## ##     ##       ## ##
     ##       #### ##     ## ######## ########  ##     ##  ######  ########

You're about to initialize a Firebase project in this directory:

  C:\Users\Admin\Desktop\final-project

[info] 
=== Project Setup
[info] 
[info] First, let's associate this project directory with a Firebase project.
[info] You can create multiple project aliases by running firebase use --add, 
[info] but for now we'll just set up a default project.
[info] 
[info] i  If you want to create a project in a Google Cloud organization or folder, please use "firebase projects:create" instead, and return to this command when you've created the project. 
[debug] [2024-06-04T13:57:22.389Z] >>> [apiv2][query] POST https://cloudresourcemanager.googleapis.com/v1/projects [none]
[debug] [2024-06-04T13:57:22.389Z] >>> [apiv2][body] POST https://cloudresourcemanager.googleapis.com/v1/projects {"projectId":"final","name":"final"}
[debug] [2024-06-04T13:57:23.708Z] <<< [apiv2][status] POST https://cloudresourcemanager.googleapis.com/v1/projects 400
[debug] [2024-06-04T13:57:23.709Z] <<< [apiv2][body] POST https://cloudresourcemanager.googleapis.com/v1/projects {"error":{"code":400,"message":"field [project_id] has issue [project_id must be at least 6 characters long]","status":"INVALID_ARGUMENT","details":[{"@type":"type.googleapis.com/google.rpc.BadRequest","fieldViolations":[{"field":"project_id","description":"project_id must be at least 6 characters long"}]},{"@type":"type.googleapis.com/google.rpc.Help","links":[{"url":"https://cloud.google.com/resource-manager/reference/rest/v1/projects"}]}]}}
[debug] [2024-06-04T13:57:23.892Z] FirebaseError: HTTP Error: 400, field [project_id] has issue [project_id must be at least 6 characters long]
    at responseToError (C:\Users\Admin\Desktop\final-project\node_modules\firebase-tools\lib\responseToError.js:49:12)
    at RetryOperation._fn (C:\Users\Admin\Desktop\final-project\node_modules\firebase-tools\lib\apiv2.js:305:77)
    at process.processTicksAndRejections (node:internal/process/task_queues:95:5)
[error] 
[error] Error: Failed to create project. See firebase-debug.log for more info.
